<?xml version="1.0" encoding="UTF-8"?>
<!-- Generated by org.testng.reporters.JUnitXMLReporter -->
<testsuite hostname="SupriyaPC" name="Default test" tests="1" failures="0" timestamp="10 Nov 2015 10:31:07 GMT" time="0.019" errors="0">
  <testcase name="@BeforeSuite setUp" time="0.0" classname="com.gurukula.tests.LoggedInInformationTest">
    <failure type="org.testng.TestNGException" message="
Parameter &amp;apos;loginid&amp;apos; is required by @Configuration on method setUp but has not been marked @Optional or defined
in C:\Users\Supriya\AppData\Local\Temp\testng-eclipse-1154424000\testng-customsuite.xml">
      <![CDATA[org.testng.TestNGException: 
Parameter 'loginid' is required by @Configuration on method setUp but has not been marked @Optional or defined
in C:\Users\Supriya\AppData\Local\Temp\testng-eclipse-1154424000\testng-customsuite.xml
	at org.testng.internal.Parameters.createParameters(Parameters.java:155)
	at org.testng.internal.Parameters.createParameters(Parameters.java:358)
	at org.testng.internal.Parameters.createConfigurationParameters(Parameters.java:86)
	at org.testng.internal.Invoker.invokeConfigurations(Invoker.java:199)
	at org.testng.internal.Invoker.invokeConfigurations(Invoker.java:138)
	at org.testng.SuiteRunner.privateRun(SuiteRunner.java:277)
	at org.testng.SuiteRunner.run(SuiteRunner.java:240)
	at org.testng.SuiteRunnerWorker.runSuite(SuiteRunnerWorker.java:52)
	at org.testng.SuiteRunnerWorker.run(SuiteRunnerWorker.java:86)
	at org.testng.TestNG.runSuitesSequentially(TestNG.java:1224)
	at org.testng.TestNG.runSuitesLocally(TestNG.java:1149)
	at org.testng.TestNG.run(TestNG.java:1057)
	at org.testng.remote.RemoteTestNG.run(RemoteTestNG.java:111)
	at org.testng.remote.RemoteTestNG.initAndRun(RemoteTestNG.java:204)
	at org.testng.remote.RemoteTestNG.main(RemoteTestNG.java:175)
]]>
    </failure>
  </testcase> <!-- @BeforeSuite setUp -->
  <testcase name="testEditAccountSettings" time="0.001" classname="com.gurukula.tests.LoggedInInformationTest">
    <skipped/>
  </testcase> <!-- testEditAccountSettings -->
</testsuite> <!-- Default test -->
