<?xml version="1.0" encoding="UTF-8"?>
<!-- Generated by org.testng.reporters.JUnitXMLReporter -->
<testsuite hostname="SupriyaPC" name="SmartPin Regression Tests" tests="6" failures="1" timestamp="12 Nov 2015 18:06:28 GMT" time="10.857" errors="0">
  <testcase name="testRegisterNewUser" time="1.924" classname="com.gurukula.tests.RegistrationTest"/>
  <testcase name="testRegisterNewUser" time="1.81" classname="com.gurukula.tests.RegistrationTest"/>
  <testcase name="testRegisterNewUser" time="1.767" classname="com.gurukula.tests.RegistrationTest"/>
  <testcase name="testRegisterNewUser" time="1.872" classname="com.gurukula.tests.RegistrationTest"/>
  <testcase name="testRegisterNewUser" time="1.8" classname="com.gurukula.tests.RegistrationTest"/>
  <testcase name="testRegisterNewUser" time="1.664" classname="com.gurukula.tests.RegistrationTest">
    <failure type="junit.framework.AssertionFailedError">
      <![CDATA[junit.framework.AssertionFailedError
	at junit.framework.Assert.fail(Assert.java:47)
	at junit.framework.Assert.assertTrue(Assert.java:20)
	at junit.framework.Assert.assertFalse(Assert.java:34)
	at junit.framework.Assert.assertFalse(Assert.java:41)
	at com.gurukula.tests.RegistrationTest.testRegisterNewUser(RegistrationTest.java:57)
... Removed 24 stack frames]]>
    </failure>
  </testcase> <!-- testRegisterNewUser -->
</testsuite> <!-- SmartPin Regression Tests -->
