<?xml version="1.0" encoding="UTF-8"?>
<testng-results skipped="0" failed="1" total="6" passed="5">
  <reporter-output>
  </reporter-output>
  <suite name="Automation Suite" duration-ms="10857" started-at="2015-11-12T18:06:17Z" finished-at="2015-11-12T18:06:28Z">
    <groups>
    </groups>
    <test name="SmartPin Regression Tests" duration-ms="10857" started-at="2015-11-12T18:06:17Z" finished-at="2015-11-12T18:06:28Z">
      <class name="com.gurukula.tests.RegistrationTest">
        <test-method status="PASS" signature="setUp(java.lang.String, java.lang.String)[pri:0, instance:com.gurukula.tests.RegistrationTest@4563e9ab]" name="setUp" is-config="true" duration-ms="15880" started-at="2015-11-12T19:06:02Z" finished-at="2015-11-12T19:06:17Z">
          <params>
            <param index="0">
              <value is-null="true"/>
            </param>
            <param index="1">
              <value is-null="true"/>
            </param>
          </params>
          <reporter-output>
          </reporter-output>
        </test-method> <!-- setUp -->
        <test-method status="PASS" signature="testRegisterNewUser(classes.RegistrationData)[pri:0, instance:com.gurukula.tests.RegistrationTest@4563e9ab]" name="testRegisterNewUser" duration-ms="1924" started-at="2015-11-12T19:06:17Z" data-provider="dataRegistration" finished-at="2015-11-12T19:06:19Z">
          <params>
            <param index="0">
              <value>
                <![CDATA[classes.RegistrationData@5b799640]]>
              </value>
            </param>
          </params>
          <reporter-output>
          </reporter-output>
        </test-method> <!-- testRegisterNewUser -->
        <test-method status="PASS" signature="testRegisterNewUser(classes.RegistrationData)[pri:0, instance:com.gurukula.tests.RegistrationTest@4563e9ab]" name="testRegisterNewUser" duration-ms="1810" started-at="2015-11-12T19:06:19Z" data-provider="dataRegistration" finished-at="2015-11-12T19:06:21Z">
          <params>
            <param index="0">
              <value>
                <![CDATA[classes.RegistrationData@13526e59]]>
              </value>
            </param>
          </params>
          <reporter-output>
          </reporter-output>
        </test-method> <!-- testRegisterNewUser -->
        <test-method status="PASS" signature="testRegisterNewUser(classes.RegistrationData)[pri:0, instance:com.gurukula.tests.RegistrationTest@4563e9ab]" name="testRegisterNewUser" duration-ms="1767" started-at="2015-11-12T19:06:21Z" data-provider="dataRegistration" finished-at="2015-11-12T19:06:23Z">
          <params>
            <param index="0">
              <value>
                <![CDATA[classes.RegistrationData@7d9f158f]]>
              </value>
            </param>
          </params>
          <reporter-output>
          </reporter-output>
        </test-method> <!-- testRegisterNewUser -->
        <test-method status="PASS" signature="testRegisterNewUser(classes.RegistrationData)[pri:0, instance:com.gurukula.tests.RegistrationTest@4563e9ab]" name="testRegisterNewUser" duration-ms="1872" started-at="2015-11-12T19:06:23Z" data-provider="dataRegistration" finished-at="2015-11-12T19:06:25Z">
          <params>
            <param index="0">
              <value>
                <![CDATA[classes.RegistrationData@62656be4]]>
              </value>
            </param>
          </params>
          <reporter-output>
          </reporter-output>
        </test-method> <!-- testRegisterNewUser -->
        <test-method status="PASS" signature="testRegisterNewUser(classes.RegistrationData)[pri:0, instance:com.gurukula.tests.RegistrationTest@4563e9ab]" name="testRegisterNewUser" duration-ms="1800" started-at="2015-11-12T19:06:25Z" data-provider="dataRegistration" finished-at="2015-11-12T19:06:27Z">
          <params>
            <param index="0">
              <value>
                <![CDATA[classes.RegistrationData@1ebea008]]>
              </value>
            </param>
          </params>
          <reporter-output>
          </reporter-output>
        </test-method> <!-- testRegisterNewUser -->
        <test-method status="FAIL" signature="testRegisterNewUser(classes.RegistrationData)[pri:0, instance:com.gurukula.tests.RegistrationTest@4563e9ab]" name="testRegisterNewUser" duration-ms="1664" started-at="2015-11-12T19:06:27Z" data-provider="dataRegistration" finished-at="2015-11-12T19:06:28Z">
          <params>
            <param index="0">
              <value>
                <![CDATA[classes.RegistrationData@6531a794]]>
              </value>
            </param>
          </params>
          <exception class="junit.framework.AssertionFailedError">
            <full-stacktrace>
              <![CDATA[junit.framework.AssertionFailedError
	at junit.framework.Assert.fail(Assert.java:47)
	at junit.framework.Assert.assertTrue(Assert.java:20)
	at junit.framework.Assert.assertFalse(Assert.java:34)
	at junit.framework.Assert.assertFalse(Assert.java:41)
	at com.gurukula.tests.RegistrationTest.testRegisterNewUser(RegistrationTest.java:57)
	at sun.reflect.NativeMethodAccessorImpl.invoke0(Native Method)
	at sun.reflect.NativeMethodAccessorImpl.invoke(Unknown Source)
	at sun.reflect.DelegatingMethodAccessorImpl.invoke(Unknown Source)
	at java.lang.reflect.Method.invoke(Unknown Source)
	at org.testng.internal.MethodInvocationHelper.invokeMethod(MethodInvocationHelper.java:84)
	at org.testng.internal.Invoker.invokeMethod(Invoker.java:714)
	at org.testng.internal.Invoker.invokeTestMethod(Invoker.java:901)
	at org.testng.internal.Invoker.invokeTestMethods(Invoker.java:1231)
	at org.testng.internal.TestMethodWorker.invokeTestMethods(TestMethodWorker.java:127)
	at org.testng.internal.TestMethodWorker.run(TestMethodWorker.java:111)
	at org.testng.TestRunner.privateRun(TestRunner.java:767)
	at org.testng.TestRunner.run(TestRunner.java:617)
	at org.testng.SuiteRunner.runTest(SuiteRunner.java:334)
	at org.testng.SuiteRunner.runSequentially(SuiteRunner.java:329)
	at org.testng.SuiteRunner.privateRun(SuiteRunner.java:291)
	at org.testng.SuiteRunner.run(SuiteRunner.java:240)
	at org.testng.SuiteRunnerWorker.runSuite(SuiteRunnerWorker.java:52)
	at org.testng.SuiteRunnerWorker.run(SuiteRunnerWorker.java:86)
	at org.testng.TestNG.runSuitesSequentially(TestNG.java:1224)
	at org.testng.TestNG.runSuitesLocally(TestNG.java:1149)
	at org.testng.TestNG.run(TestNG.java:1057)
	at org.testng.remote.RemoteTestNG.run(RemoteTestNG.java:111)
	at org.testng.remote.RemoteTestNG.initAndRun(RemoteTestNG.java:204)
	at org.testng.remote.RemoteTestNG.main(RemoteTestNG.java:175)
]]>
            </full-stacktrace>
          </exception> <!-- junit.framework.AssertionFailedError -->
          <reporter-output>
          </reporter-output>
        </test-method> <!-- testRegisterNewUser -->
        <test-method status="PASS" signature="tearDown()[pri:0, instance:com.gurukula.tests.RegistrationTest@4563e9ab]" name="tearDown" is-config="true" duration-ms="645" started-at="2015-11-12T19:06:28Z" finished-at="2015-11-12T19:06:29Z">
          <reporter-output>
          </reporter-output>
        </test-method> <!-- tearDown -->
      </class> <!-- com.gurukula.tests.RegistrationTest -->
    </test> <!-- SmartPin Regression Tests -->
  </suite> <!-- Automation Suite -->
</testng-results>
