<?xml version="1.0" encoding="UTF-8"?>
<testng-results skipped="0" failed="2" total="7" passed="5">
  <reporter-output>
  </reporter-output>
  <suite name="Automation Suite" duration-ms="1028009" started-at="2015-11-12T18:04:44Z" finished-at="2015-11-12T18:21:52Z">
    <groups>
    </groups>
    <test name="SmartPin Regression Tests" duration-ms="1028009" started-at="2015-11-12T18:04:44Z" finished-at="2015-11-12T18:21:52Z">
      <class name="com.gurukula.tests.RegistrationTest">
        <test-method status="PASS" signature="setUp(java.lang.String, java.lang.String)[pri:0, instance:com.gurukula.tests.RegistrationTest@4563e9ab]" name="setUp" is-config="true" duration-ms="11919" started-at="2015-11-12T19:04:32Z" finished-at="2015-11-12T19:04:44Z">
          <params>
            <param index="0">
              <value is-null="true"/>
            </param>
            <param index="1">
              <value is-null="true"/>
            </param>
          </params>
          <reporter-output>
          </reporter-output>
        </test-method> <!-- setUp -->
        <test-method status="FAIL" signature="testRegisterNewUser(classes.RegistrationData)[pri:0, instance:com.gurukula.tests.RegistrationTest@4563e9ab]" name="testRegisterNewUser" duration-ms="1002118" started-at="2015-11-12T19:04:44Z" data-provider="dataRegistration" finished-at="2015-11-12T19:21:26Z">
          <params>
            <param index="0">
              <value>
                <![CDATA[classes.RegistrationData@5b799640]]>
              </value>
            </param>
          </params>
          <exception class="org.openqa.selenium.TimeoutException">
            <message>
              <![CDATA[Timed out after 1000 seconds waiting for element to be clickable: By.xpath: html/body/div[3]/div[1]/div/div/div/form/div[1]/div/p[1]
Build info: version: '2.48.2', revision: '41bccdd10cf2c0560f637404c2d96164b67d9d67', time: '2015-10-09 13:08:06'
System info: host: 'SupriyaPC', ip: '192.168.1.67', os.name: 'Windows 8.1', os.arch: 'amd64', os.version: '6.3', java.version: '1.8.0_25'
Driver info: org.openqa.selenium.firefox.FirefoxDriver
Capabilities [{applicationCacheEnabled=true, rotatable=false, handlesAlerts=true, databaseEnabled=true, version=42.0, platform=WINDOWS, nativeEvents=false, acceptSslCerts=true, webStorageEnabled=true, locationContextEnabled=true, browserName=firefox, takesScreenshot=true, javascriptEnabled=true, cssSelectorsEnabled=true}]
Session ID: 6a84c16a-85a1-4cb7-a6c6-831764515e66]]>
            </message>
            <full-stacktrace>
              <![CDATA[org.openqa.selenium.TimeoutException: Timed out after 1000 seconds waiting for element to be clickable: By.xpath: html/body/div[3]/div[1]/div/div/div/form/div[1]/div/p[1]
Build info: version: '2.48.2', revision: '41bccdd10cf2c0560f637404c2d96164b67d9d67', time: '2015-10-09 13:08:06'
System info: host: 'SupriyaPC', ip: '192.168.1.67', os.name: 'Windows 8.1', os.arch: 'amd64', os.version: '6.3', java.version: '1.8.0_25'
Driver info: org.openqa.selenium.firefox.FirefoxDriver
Capabilities [{applicationCacheEnabled=true, rotatable=false, handlesAlerts=true, databaseEnabled=true, version=42.0, platform=WINDOWS, nativeEvents=false, acceptSslCerts=true, webStorageEnabled=true, locationContextEnabled=true, browserName=firefox, takesScreenshot=true, javascriptEnabled=true, cssSelectorsEnabled=true}]
Session ID: 6a84c16a-85a1-4cb7-a6c6-831764515e66
	at org.openqa.selenium.support.ui.WebDriverWait.timeoutException(WebDriverWait.java:80)
	at org.openqa.selenium.support.ui.FluentWait.until(FluentWait.java:261)
	at com.gurukula.structure.BasePage.waitUntilElementIsVisible(BasePage.java:38)
	at com.gurukula.structure.BasePage.isElementVisible(BasePage.java:21)
	at com.gurukula.structure.RegistrationPage.isLoginRequiredMessageShown(RegistrationPage.java:64)
	at com.gurukula.tests.RegistrationTest.testRegisterNewUser(RegistrationTest.java:45)
	at sun.reflect.NativeMethodAccessorImpl.invoke0(Native Method)
	at sun.reflect.NativeMethodAccessorImpl.invoke(Unknown Source)
	at sun.reflect.DelegatingMethodAccessorImpl.invoke(Unknown Source)
	at java.lang.reflect.Method.invoke(Unknown Source)
	at org.testng.internal.MethodInvocationHelper.invokeMethod(MethodInvocationHelper.java:84)
	at org.testng.internal.Invoker.invokeMethod(Invoker.java:714)
	at org.testng.internal.Invoker.invokeTestMethod(Invoker.java:901)
	at org.testng.internal.Invoker.invokeTestMethods(Invoker.java:1231)
	at org.testng.internal.TestMethodWorker.invokeTestMethods(TestMethodWorker.java:127)
	at org.testng.internal.TestMethodWorker.run(TestMethodWorker.java:111)
	at org.testng.TestRunner.privateRun(TestRunner.java:767)
	at org.testng.TestRunner.run(TestRunner.java:617)
	at org.testng.SuiteRunner.runTest(SuiteRunner.java:334)
	at org.testng.SuiteRunner.runSequentially(SuiteRunner.java:329)
	at org.testng.SuiteRunner.privateRun(SuiteRunner.java:291)
	at org.testng.SuiteRunner.run(SuiteRunner.java:240)
	at org.testng.SuiteRunnerWorker.runSuite(SuiteRunnerWorker.java:52)
	at org.testng.SuiteRunnerWorker.run(SuiteRunnerWorker.java:86)
	at org.testng.TestNG.runSuitesSequentially(TestNG.java:1224)
	at org.testng.TestNG.runSuitesLocally(TestNG.java:1149)
	at org.testng.TestNG.run(TestNG.java:1057)
	at org.testng.remote.RemoteTestNG.run(RemoteTestNG.java:111)
	at org.testng.remote.RemoteTestNG.initAndRun(RemoteTestNG.java:204)
	at org.testng.remote.RemoteTestNG.main(RemoteTestNG.java:175)
]]>
            </full-stacktrace>
          </exception> <!-- org.openqa.selenium.TimeoutException -->
          <reporter-output>
          </reporter-output>
        </test-method> <!-- testRegisterNewUser -->
        <test-method status="PASS" signature="testRegisterNewUser(classes.RegistrationData)[pri:0, instance:com.gurukula.tests.RegistrationTest@4563e9ab]" name="testRegisterNewUser" duration-ms="5235" started-at="2015-11-12T19:21:26Z" data-provider="dataRegistration" finished-at="2015-11-12T19:21:32Z">
          <params>
            <param index="0">
              <value>
                <![CDATA[classes.RegistrationData@54a3ab8f]]>
              </value>
            </param>
          </params>
          <reporter-output>
          </reporter-output>
        </test-method> <!-- testRegisterNewUser -->
        <test-method status="PASS" signature="testRegisterNewUser(classes.RegistrationData)[pri:0, instance:com.gurukula.tests.RegistrationTest@4563e9ab]" name="testRegisterNewUser" duration-ms="3589" started-at="2015-11-12T19:21:32Z" data-provider="dataRegistration" finished-at="2015-11-12T19:21:35Z">
          <params>
            <param index="0">
              <value>
                <![CDATA[classes.RegistrationData@66b72664]]>
              </value>
            </param>
          </params>
          <reporter-output>
          </reporter-output>
        </test-method> <!-- testRegisterNewUser -->
        <test-method status="PASS" signature="testRegisterNewUser(classes.RegistrationData)[pri:0, instance:com.gurukula.tests.RegistrationTest@4563e9ab]" name="testRegisterNewUser" duration-ms="3217" started-at="2015-11-12T19:21:35Z" data-provider="dataRegistration" finished-at="2015-11-12T19:21:38Z">
          <params>
            <param index="0">
              <value>
                <![CDATA[classes.RegistrationData@117632cf]]>
              </value>
            </param>
          </params>
          <reporter-output>
          </reporter-output>
        </test-method> <!-- testRegisterNewUser -->
        <test-method status="PASS" signature="testRegisterNewUser(classes.RegistrationData)[pri:0, instance:com.gurukula.tests.RegistrationTest@4563e9ab]" name="testRegisterNewUser" duration-ms="4788" started-at="2015-11-12T19:21:38Z" data-provider="dataRegistration" finished-at="2015-11-12T19:21:43Z">
          <params>
            <param index="0">
              <value>
                <![CDATA[classes.RegistrationData@31198ceb]]>
              </value>
            </param>
          </params>
          <reporter-output>
          </reporter-output>
        </test-method> <!-- testRegisterNewUser -->
        <test-method status="PASS" signature="testRegisterNewUser(classes.RegistrationData)[pri:0, instance:com.gurukula.tests.RegistrationTest@4563e9ab]" name="testRegisterNewUser" duration-ms="4531" started-at="2015-11-12T19:21:43Z" data-provider="dataRegistration" finished-at="2015-11-12T19:21:48Z">
          <params>
            <param index="0">
              <value>
                <![CDATA[classes.RegistrationData@632aa1a3]]>
              </value>
            </param>
          </params>
          <reporter-output>
          </reporter-output>
        </test-method> <!-- testRegisterNewUser -->
        <test-method status="FAIL" signature="testRegisterNewUser(classes.RegistrationData)[pri:0, instance:com.gurukula.tests.RegistrationTest@4563e9ab]" name="testRegisterNewUser" duration-ms="4477" started-at="2015-11-12T19:21:48Z" data-provider="dataRegistration" finished-at="2015-11-12T19:21:52Z">
          <params>
            <param index="0">
              <value>
                <![CDATA[classes.RegistrationData@6c2d4cc6]]>
              </value>
            </param>
          </params>
          <exception class="junit.framework.AssertionFailedError">
            <full-stacktrace>
              <![CDATA[junit.framework.AssertionFailedError
	at junit.framework.Assert.fail(Assert.java:47)
	at junit.framework.Assert.assertTrue(Assert.java:20)
	at junit.framework.Assert.assertFalse(Assert.java:34)
	at junit.framework.Assert.assertFalse(Assert.java:41)
	at com.gurukula.tests.RegistrationTest.testRegisterNewUser(RegistrationTest.java:58)
	at sun.reflect.NativeMethodAccessorImpl.invoke0(Native Method)
	at sun.reflect.NativeMethodAccessorImpl.invoke(Unknown Source)
	at sun.reflect.DelegatingMethodAccessorImpl.invoke(Unknown Source)
	at java.lang.reflect.Method.invoke(Unknown Source)
	at org.testng.internal.MethodInvocationHelper.invokeMethod(MethodInvocationHelper.java:84)
	at org.testng.internal.Invoker.invokeMethod(Invoker.java:714)
	at org.testng.internal.Invoker.invokeTestMethod(Invoker.java:901)
	at org.testng.internal.Invoker.invokeTestMethods(Invoker.java:1231)
	at org.testng.internal.TestMethodWorker.invokeTestMethods(TestMethodWorker.java:127)
	at org.testng.internal.TestMethodWorker.run(TestMethodWorker.java:111)
	at org.testng.TestRunner.privateRun(TestRunner.java:767)
	at org.testng.TestRunner.run(TestRunner.java:617)
	at org.testng.SuiteRunner.runTest(SuiteRunner.java:334)
	at org.testng.SuiteRunner.runSequentially(SuiteRunner.java:329)
	at org.testng.SuiteRunner.privateRun(SuiteRunner.java:291)
	at org.testng.SuiteRunner.run(SuiteRunner.java:240)
	at org.testng.SuiteRunnerWorker.runSuite(SuiteRunnerWorker.java:52)
	at org.testng.SuiteRunnerWorker.run(SuiteRunnerWorker.java:86)
	at org.testng.TestNG.runSuitesSequentially(TestNG.java:1224)
	at org.testng.TestNG.runSuitesLocally(TestNG.java:1149)
	at org.testng.TestNG.run(TestNG.java:1057)
	at org.testng.remote.RemoteTestNG.run(RemoteTestNG.java:111)
	at org.testng.remote.RemoteTestNG.initAndRun(RemoteTestNG.java:204)
	at org.testng.remote.RemoteTestNG.main(RemoteTestNG.java:175)
]]>
            </full-stacktrace>
          </exception> <!-- junit.framework.AssertionFailedError -->
          <reporter-output>
          </reporter-output>
        </test-method> <!-- testRegisterNewUser -->
        <test-method status="PASS" signature="tearDown()[pri:0, instance:com.gurukula.tests.RegistrationTest@4563e9ab]" name="tearDown" is-config="true" duration-ms="2020" started-at="2015-11-12T19:21:52Z" finished-at="2015-11-12T19:21:54Z">
          <reporter-output>
          </reporter-output>
        </test-method> <!-- tearDown -->
      </class> <!-- com.gurukula.tests.RegistrationTest -->
    </test> <!-- SmartPin Regression Tests -->
  </suite> <!-- Automation Suite -->
</testng-results>
